<?xml version="1.0" encoding="UTF-8"?>
<!-- Generated by org.testng.reporters.JUnitReportReporter -->
<testsuite hostname="aprasadpc" name="DriverFactory.DataDrivenDriverScript" tests="1" failures="0" timestamp="30 Jan 2021 18:21:33 GMT" time="65.016" errors="0">
  <testcase name="suppliercreation" time="65.016" classname="DriverFactory.DataDrivenDriverScript"/>
</testsuite> <!-- DriverFactory.DataDrivenDriverScript -->
