<?xml version="1.0" encoding="UTF-8"?>
<!-- Generated by org.testng.reporters.JUnitReportReporter -->
<testsuite hostname="aprasadpc" name="DriverFactory.AppTest" tests="1" failures="0" timestamp="11 Feb 2021 07:32:03 GMT" time="59.570" errors="0">
  <testcase name="kickStart" time="59.570" classname="DriverFactory.AppTest"/>
</testsuite> <!-- DriverFactory.AppTest -->
